\BOOKMARK [1][-]{section.1}{\376\377\230\171\166\356\151\202\217\360}{}% 1
\BOOKMARK [2][-]{subsection.1.1}{\376\377\230\171\166\356\200\314\146\157}{section.1}% 2
\BOOKMARK [2][-]{subsection.1.2}{\376\377\230\171\166\356\166\356\150\007}{section.1}% 3
\BOOKMARK [2][-]{subsection.1.3}{\376\377\230\204\147\037\142\020\147\234}{section.1}% 4
\BOOKMARK [1][-]{section.2}{\376\377\142\200\147\057\145\271\150\110}{}% 5
\BOOKMARK [2][-]{subsection.2.1}{\376\377\163\260\147\011\230\171\166\356\147\266\147\204\122\006\147\220}{section.2}% 6
\BOOKMARK [3][-]{subsubsection.2.1.1}{\376\377\230\171\166\356\176\323\147\204\122\006\147\220}{subsection.2.1}% 7
\BOOKMARK [3][-]{subsubsection.2.1.2}{\376\377\142\200\147\057\150\010\122\006\147\220}{subsection.2.1}% 8
\BOOKMARK [2][-]{subsection.2.2}{\376\377\227\000\154\102\122\006\147\220}{section.2}% 9
\BOOKMARK [3][-]{subsubsection.2.2.1}{\376\377\122\237\200\375\227\000\154\102}{subsection.2.2}% 10
\BOOKMARK [3][-]{subsubsection.2.2.2}{\376\377\227\136\122\237\200\375\227\000\154\102}{subsection.2.2}% 11
\BOOKMARK [2][-]{subsection.2.3}{\376\377\211\343\121\263\145\271\150\110\213\276\213\241}{section.2}% 12
\BOOKMARK [3][-]{subsubsection.2.3.1}{\376\377\140\073\117\123\147\266\147\204\213\276\213\241}{subsection.2.3}% 13
\BOOKMARK [3][-]{subsubsection.2.3.2}{\376\377\213\346\176\306\213\276\213\241}{subsection.2.3}% 14
\BOOKMARK [2][-]{subsection.2.4}{\376\377\142\200\147\057\226\276\160\271\116\016\211\343\121\263\173\126\165\145}{section.2}% 15
\BOOKMARK [3][-]{subsubsection.2.4.1}{\376\377\230\204\147\037\142\200\147\057\226\276\160\271}{subsection.2.4}% 16
\BOOKMARK [3][-]{subsubsection.2.4.2}{\376\377\211\343\121\263\173\126\165\145}{subsection.2.4}% 17
\BOOKMARK [2][-]{subsection.2.5}{\376\377\123\302\200\003\215\104\145\231}{section.2}% 18
\BOOKMARK [1][-]{section.3}{\376\377\145\366\225\364\211\304\122\022}{}% 19
\BOOKMARK [2][-]{subsection.3.1}{\376\377\230\171\166\356\226\066\153\265\122\022\122\006}{section.3}% 20
\BOOKMARK [2][-]{subsection.3.2}{\376\377\213\346\176\306\124\150\213\241\122\022}{section.3}% 21
\BOOKMARK [3][-]{subsubsection.3.2.1}{\376\377\173\054\116\000\226\066\153\265\377\032\121\306\131\007\116\016\213\276\213\241\377\010\173\054\0001\000-\0004\124\150\377\011}{subsection.3.2}% 22
\BOOKMARK [3][-]{subsubsection.3.2.2}{\376\377\173\054\116\214\226\066\153\265\377\032\150\070\137\303\137\000\123\321\377\010\173\054\0005\000-\0008\124\150\377\011}{subsection.3.2}% 23
\BOOKMARK [3][-]{subsubsection.3.2.3}{\376\377\173\054\116\011\226\066\153\265\377\032\133\214\125\204\116\016\117\030\123\026\377\010\173\054\0009\000-\0001\0002\124\150\377\011}{subsection.3.2}% 24
\BOOKMARK [3][-]{subsubsection.3.2.4}{\376\377\173\054\126\333\226\066\153\265\377\032\145\066\134\076\116\016\140\073\176\323\377\010\173\054\0001\0003\000-\0001\0006\124\150\377\011}{subsection.3.2}% 25
\BOOKMARK [2][-]{subsection.3.3}{\376\377\230\316\226\151\213\304\117\060\116\016\136\224\133\371\143\252\145\275}{section.3}% 26
\BOOKMARK [1][-]{section.4}{\376\377\116\052\116\272\173\200\123\206}{}% 27
\BOOKMARK [2][-]{subsection.4.1}{\376\377\127\372\147\054\117\341\140\157}{section.4}% 28
\BOOKMARK [2][-]{subsection.4.2}{\376\377\145\131\200\262\200\314\146\157}{section.4}% 29
\BOOKMARK [2][-]{subsection.4.3}{\376\377\142\200\147\057\142\200\200\375}{section.4}% 30
\BOOKMARK [3][-]{subsubsection.4.3.1}{\376\377\177\026\172\013\213\355\212\000}{subsection.4.3}% 31
\BOOKMARK [3][-]{subsubsection.4.3.2}{\376\377\137\000\123\321\150\106\147\266\116\016\135\345\121\167}{subsection.4.3}% 32
\BOOKMARK [2][-]{subsection.4.4}{\376\377\230\171\166\356\176\317\232\214}{section.4}% 33
\BOOKMARK [3][-]{subsubsection.4.4.1}{\376\377\137\000\156\220\215\041\163\056}{subsection.4.4}% 34
\BOOKMARK [3][-]{subsubsection.4.4.2}{\376\377\116\052\116\272\230\171\166\356}{subsection.4.4}% 35
\BOOKMARK [2][-]{subsection.4.5}{\376\377\172\336\215\133\116\016\203\267\131\126}{section.4}% 36
\BOOKMARK [2][-]{subsection.4.6}{\376\377\121\166\116\326\176\317\123\206}{section.4}% 37
\BOOKMARK [1][-]{section.5}{\376\377\165\063\213\367\122\250\147\072}{}% 38
\BOOKMARK [2][-]{subsection.5.1}{\376\377\220\011\142\351\213\345\230\171\166\356\166\204\123\237\126\340}{section.5}% 39
\BOOKMARK [2][-]{subsection.5.2}{\376\377\147\037\147\033\116\016\166\356\150\007}{section.5}% 40
\BOOKMARK [2][-]{subsection.5.3}{\376\377\142\177\213\372\116\016\117\335\213\301}{section.5}% 41
\BOOKMARK [1][-]{section.6}{\376\377\226\104\137\125}{}% 42
\BOOKMARK [2][-]{subsection.6.1}{\376\377\230\171\166\356\145\366\225\364\210\150\377\010\165\030\162\171\126\376\377\011}{section.6}% 43
\BOOKMARK [2][-]{subsection.6.2}{\376\377\142\200\147\057\147\266\147\204\126\376}{section.6}% 44
\BOOKMARK [2][-]{subsection.6.3}{\376\377\200\124\174\373\145\271\137\017}{section.6}% 45
